  stb_image_aug.c
..\..\src\stb_image_aug.c(177): warning C4996: 'fopen': This function or variable may be unsafe. Consider using fopen_s instead. To disable deprecation, use _CRT_SECURE_NO_WARNINGS. See online help for details.
  C:\Program Files (x86)\Windows Kits\10\Include\10.0.10240.0\ucrt\stdio.h(205): note: vea la declaración de 'fopen'
..\..\src\stb_image_aug.c(251): warning C4996: 'fopen': This function or variable may be unsafe. Consider using fopen_s instead. To disable deprecation, use _CRT_SECURE_NO_WARNINGS. See online help for details.
  C:\Program Files (x86)\Windows Kits\10\Include\10.0.10240.0\ucrt\stdio.h(205): note: vea la declaración de 'fopen'
..\..\src\stb_image_aug.c(303): warning C4996: 'fopen': This function or variable may be unsafe. Consider using fopen_s instead. To disable deprecation, use _CRT_SECURE_NO_WARNINGS. See online help for details.
  C:\Program Files (x86)\Windows Kits\10\Include\10.0.10240.0\ucrt\stdio.h(205): note: vea la declaración de 'fopen'
..\..\src\stb_image_aug.c(1557): warning C4996: 'fopen': This function or variable may be unsafe. Consider using fopen_s instead. To disable deprecation, use _CRT_SECURE_NO_WARNINGS. See online help for details.
  C:\Program Files (x86)\Windows Kits\10\Include\10.0.10240.0\ucrt\stdio.h(205): note: vea la declaración de 'fopen'
..\..\src\stb_image_aug.c(2394): warning C4996: 'fopen': This function or variable may be unsafe. Consider using fopen_s instead. To disable deprecation, use _CRT_SECURE_NO_WARNINGS. See online help for details.
  C:\Program Files (x86)\Windows Kits\10\Include\10.0.10240.0\ucrt\stdio.h(205): note: vea la declaración de 'fopen'
..\..\src\stb_image_aug.c(2709): warning C4996: 'fopen': This function or variable may be unsafe. Consider using fopen_s instead. To disable deprecation, use _CRT_SECURE_NO_WARNINGS. See online help for details.
  C:\Program Files (x86)\Windows Kits\10\Include\10.0.10240.0\ucrt\stdio.h(205): note: vea la declaración de 'fopen'
..\..\src\stb_image_aug.c(2995): warning C4996: 'fopen': This function or variable may be unsafe. Consider using fopen_s instead. To disable deprecation, use _CRT_SECURE_NO_WARNINGS. See online help for details.
  C:\Program Files (x86)\Windows Kits\10\Include\10.0.10240.0\ucrt\stdio.h(205): note: vea la declaración de 'fopen'
..\..\src\stb_image_aug.c(3209): warning C4996: 'fopen': This function or variable may be unsafe. Consider using fopen_s instead. To disable deprecation, use _CRT_SECURE_NO_WARNINGS. See online help for details.
  C:\Program Files (x86)\Windows Kits\10\Include\10.0.10240.0\ucrt\stdio.h(205): note: vea la declaración de 'fopen'
..\..\src\stb_image_aug.c(3548): warning C4996: 'fopen': This function or variable may be unsafe. Consider using fopen_s instead. To disable deprecation, use _CRT_SECURE_NO_WARNINGS. See online help for details.
  C:\Program Files (x86)\Windows Kits\10\Include\10.0.10240.0\ucrt\stdio.h(205): note: vea la declaración de 'fopen'
..\..\src\stb_image_aug.c(3644): warning C4996: 'fopen': This function or variable may be unsafe. Consider using fopen_s instead. To disable deprecation, use _CRT_SECURE_NO_WARNINGS. See online help for details.
  C:\Program Files (x86)\Windows Kits\10\Include\10.0.10240.0\ucrt\stdio.h(205): note: vea la declaración de 'fopen'
c:\users\alexandre poon\desktop\opengl sandbox\project\project\project\dependencies\soil\src\stbi_DDS_aug_c.h(362): warning C4018: '>': no coinciden signed/unsigned
c:\users\alexandre poon\desktop\opengl sandbox\project\project\project\dependencies\soil\src\stbi_DDS_aug_c.h(366): warning C4018: '>': no coinciden signed/unsigned
c:\users\alexandre poon\desktop\opengl sandbox\project\project\project\dependencies\soil\src\stbi_DDS_aug_c.h(390): warning C4018: '<': no coinciden signed/unsigned
c:\users\alexandre poon\desktop\opengl sandbox\project\project\project\dependencies\soil\src\stbi_DDS_aug_c.h(427): warning C4018: '<': no coinciden signed/unsigned
c:\users\alexandre poon\desktop\opengl sandbox\project\project\project\dependencies\soil\src\stbi_DDS_aug_c.h(498): warning C4996: 'fopen': This function or variable may be unsafe. Consider using fopen_s instead. To disable deprecation, use _CRT_SECURE_NO_WARNINGS. See online help for details.
  C:\Program Files (x86)\Windows Kits\10\Include\10.0.10240.0\ucrt\stdio.h(205): note: vea la declaración de 'fopen'
  SOIL.c
..\..\src\SOIL.c(1719): warning C4018: '<=': no coinciden signed/unsigned
..\..\src\SOIL.c(1729): warning C4018: '<': no coinciden signed/unsigned
..\..\src\SOIL.c(1867): warning C4267: 'función': conversión de 'size_t' a 'int'; posible pérdida de datos
..\..\src\SOIL.c(1841): warning C4996: 'fopen': This function or variable may be unsafe. Consider using fopen_s instead. To disable deprecation, use _CRT_SECURE_NO_WARNINGS. See online help for details.
  C:\Program Files (x86)\Windows Kits\10\Include\10.0.10240.0\ucrt\stdio.h(205): note: vea la declaración de 'fopen'
  image_helper.c
..\..\src\image_helper.c(325): warning C4244: 'inicializando': conversión de 'double' a 'float'; posible pérdida de datos
..\..\src\image_helper.c(366): warning C4244: '=': conversión de 'double' a 'float'; posible pérdida de datos
..\..\src\image_helper.c(373): warning C4244: '=': conversión de 'float' a 'int'; posible pérdida de datos
..\..\src\image_helper.c(415): warning C4244: '=': conversión de 'double' a 'float'; posible pérdida de datos
..\..\src\image_helper.c(422): warning C4244: '=': conversión de 'float' a 'int'; posible pérdida de datos
  image_DXT.c
..\..\src\image_DXT.c(92): warning C4996: 'fopen': This function or variable may be unsafe. Consider using fopen_s instead. To disable deprecation, use _CRT_SECURE_NO_WARNINGS. See online help for details.
  C:\Program Files (x86)\Windows Kits\10\Include\10.0.10240.0\ucrt\stdio.h(205): note: vea la declaración de 'fopen'
  Generando código...
  SOIL.vcxproj -> C:\Users\Alexandre Poon\Desktop\OpenGL Sandbox\project\project\project\Dependencies\soil\projects\VC9\x64\Debug\SOIL.lib
