  LINK : C:\Users\Alex Poon\Desktop\inav\project\x64\Debug\project.exe not found or not built by the last incremental link; performing full link
SOIL.lib(image_DXT.obj) : warning LNK4099: PDB 'SOIL.pdb' was not found with 'SOIL.lib(image_DXT.obj)' or at 'C:\Users\Alex Poon\Desktop\inav\project\x64\Debug\SOIL.pdb'; linking object as if no debug info
SOIL.lib(image_helper.obj) : warning LNK4099: PDB 'SOIL.pdb' was not found with 'SOIL.lib(image_helper.obj)' or at 'C:\Users\Alex Poon\Desktop\inav\project\x64\Debug\SOIL.pdb'; linking object as if no debug info
SOIL.lib(SOIL.obj) : warning LNK4099: PDB 'SOIL.pdb' was not found with 'SOIL.lib(SOIL.obj)' or at 'C:\Users\Alex Poon\Desktop\inav\project\x64\Debug\SOIL.pdb'; linking object as if no debug info
SOIL.lib(stb_image_aug.obj) : warning LNK4099: PDB 'SOIL.pdb' was not found with 'SOIL.lib(stb_image_aug.obj)' or at 'C:\Users\Alex Poon\Desktop\inav\project\x64\Debug\SOIL.pdb'; linking object as if no debug info
glui32.lib(algebra3.obj) : warning LNK4099: PDB '_glui library.pdb' was not found with 'glui32.lib(algebra3.obj)' or at 'C:\Users\Alex Poon\Desktop\inav\project\x64\Debug\_glui library.pdb'; linking object as if no debug info
glui32.lib(arcball.obj) : warning LNK4099: PDB '_glui library.pdb' was not found with 'glui32.lib(arcball.obj)' or at 'C:\Users\Alex Poon\Desktop\inav\project\x64\Debug\_glui library.pdb'; linking object as if no debug info
glui32.lib(glui.obj) : warning LNK4099: PDB '_glui library.pdb' was not found with 'glui32.lib(glui.obj)' or at 'C:\Users\Alex Poon\Desktop\inav\project\x64\Debug\_glui library.pdb'; linking object as if no debug info
glui32.lib(glui_add_controls.obj) : warning LNK4099: PDB '_glui library.pdb' was not found with 'glui32.lib(glui_add_controls.obj)' or at 'C:\Users\Alex Poon\Desktop\inav\project\x64\Debug\_glui library.pdb'; linking object as if no debug info
glui32.lib(glui_bitmaps.obj) : warning LNK4099: PDB '_glui library.pdb' was not found with 'glui32.lib(glui_bitmaps.obj)' or at 'C:\Users\Alex Poon\Desktop\inav\project\x64\Debug\_glui library.pdb'; linking object as if no debug info
glui32.lib(glui_bitmap_img_data.obj) : warning LNK4099: PDB '_glui library.pdb' was not found with 'glui32.lib(glui_bitmap_img_data.obj)' or at 'C:\Users\Alex Poon\Desktop\inav\project\x64\Debug\_glui library.pdb'; linking object as if no debug info
glui32.lib(glui_button.obj) : warning LNK4099: PDB '_glui library.pdb' was not found with 'glui32.lib(glui_button.obj)' or at 'C:\Users\Alex Poon\Desktop\inav\project\x64\Debug\_glui library.pdb'; linking object as if no debug info
glui32.lib(glui_checkbox.obj) : warning LNK4099: PDB '_glui library.pdb' was not found with 'glui32.lib(glui_checkbox.obj)' or at 'C:\Users\Alex Poon\Desktop\inav\project\x64\Debug\_glui library.pdb'; linking object as if no debug info
glui32.lib(glui_column.obj) : warning LNK4099: PDB '_glui library.pdb' was not found with 'glui32.lib(glui_column.obj)' or at 'C:\Users\Alex Poon\Desktop\inav\project\x64\Debug\_glui library.pdb'; linking object as if no debug info
glui32.lib(glui_control.obj) : warning LNK4099: PDB '_glui library.pdb' was not found with 'glui32.lib(glui_control.obj)' or at 'C:\Users\Alex Poon\Desktop\inav\project\x64\Debug\_glui library.pdb'; linking object as if no debug info
glui32.lib(glui_edittext.obj) : warning LNK4099: PDB '_glui library.pdb' was not found with 'glui32.lib(glui_edittext.obj)' or at 'C:\Users\Alex Poon\Desktop\inav\project\x64\Debug\_glui library.pdb'; linking object as if no debug info
glui32.lib(glui_listbox.obj) : warning LNK4099: PDB '_glui library.pdb' was not found with 'glui32.lib(glui_listbox.obj)' or at 'C:\Users\Alex Poon\Desktop\inav\project\x64\Debug\_glui library.pdb'; linking object as if no debug info
glui32.lib(glui_mouse_iaction.obj) : warning LNK4099: PDB '_glui library.pdb' was not found with 'glui32.lib(glui_mouse_iaction.obj)' or at 'C:\Users\Alex Poon\Desktop\inav\project\x64\Debug\_glui library.pdb'; linking object as if no debug info
glui32.lib(glui_node.obj) : warning LNK4099: PDB '_glui library.pdb' was not found with 'glui32.lib(glui_node.obj)' or at 'C:\Users\Alex Poon\Desktop\inav\project\x64\Debug\_glui library.pdb'; linking object as if no debug info
glui32.lib(glui_panel.obj) : warning LNK4099: PDB '_glui library.pdb' was not found with 'glui32.lib(glui_panel.obj)' or at 'C:\Users\Alex Poon\Desktop\inav\project\x64\Debug\_glui library.pdb'; linking object as if no debug info
glui32.lib(glui_radio.obj) : warning LNK4099: PDB '_glui library.pdb' was not found with 'glui32.lib(glui_radio.obj)' or at 'C:\Users\Alex Poon\Desktop\inav\project\x64\Debug\_glui library.pdb'; linking object as if no debug info
glui32.lib(glui_rollout.obj) : warning LNK4099: PDB '_glui library.pdb' was not found with 'glui32.lib(glui_rollout.obj)' or at 'C:\Users\Alex Poon\Desktop\inav\project\x64\Debug\_glui library.pdb'; linking object as if no debug info
glui32.lib(glui_rotation.obj) : warning LNK4099: PDB '_glui library.pdb' was not found with 'glui32.lib(glui_rotation.obj)' or at 'C:\Users\Alex Poon\Desktop\inav\project\x64\Debug\_glui library.pdb'; linking object as if no debug info
glui32.lib(glui_separator.obj) : warning LNK4099: PDB '_glui library.pdb' was not found with 'glui32.lib(glui_separator.obj)' or at 'C:\Users\Alex Poon\Desktop\inav\project\x64\Debug\_glui library.pdb'; linking object as if no debug info
glui32.lib(glui_spinner.obj) : warning LNK4099: PDB '_glui library.pdb' was not found with 'glui32.lib(glui_spinner.obj)' or at 'C:\Users\Alex Poon\Desktop\inav\project\x64\Debug\_glui library.pdb'; linking object as if no debug info
glui32.lib(glui_statictext.obj) : warning LNK4099: PDB '_glui library.pdb' was not found with 'glui32.lib(glui_statictext.obj)' or at 'C:\Users\Alex Poon\Desktop\inav\project\x64\Debug\_glui library.pdb'; linking object as if no debug info
glui32.lib(glui_string.obj) : warning LNK4099: PDB '_glui library.pdb' was not found with 'glui32.lib(glui_string.obj)' or at 'C:\Users\Alex Poon\Desktop\inav\project\x64\Debug\_glui library.pdb'; linking object as if no debug info
glui32.lib(glui_translation.obj) : warning LNK4099: PDB '_glui library.pdb' was not found with 'glui32.lib(glui_translation.obj)' or at 'C:\Users\Alex Poon\Desktop\inav\project\x64\Debug\_glui library.pdb'; linking object as if no debug info
glui32.lib(glui_window.obj) : warning LNK4099: PDB '_glui library.pdb' was not found with 'glui32.lib(glui_window.obj)' or at 'C:\Users\Alex Poon\Desktop\inav\project\x64\Debug\_glui library.pdb'; linking object as if no debug info
glui32.lib(quaternion.obj) : warning LNK4099: PDB '_glui library.pdb' was not found with 'glui32.lib(quaternion.obj)' or at 'C:\Users\Alex Poon\Desktop\inav\project\x64\Debug\_glui library.pdb'; linking object as if no debug info
  project.vcxproj -> C:\Users\Alex Poon\Desktop\inav\project\x64\Debug\project.exe
  project.vcxproj -> C:\Users\Alex Poon\Desktop\inav\project\x64\Debug\project.pdb (Partial PDB)
